TN:
SF:src\components\BoardingPassCard\index.tsx
FN:11,BoardingPassCard
FN:14,(anonymous_1)
FNF:2
FNH:1
FNDA:2,BoardingPassCard
FNDA:0,(anonymous_1)
DA:1,1
DA:12,2
DA:14,2
DA:15,0
DA:18,2
LF:5
LH:4
BRDA:12,0,0,2
BRDA:12,0,1,0
BRDA:22,1,0,2
BRDA:22,1,1,0
BRDA:24,2,0,2
BRDA:24,2,1,0
BRDA:27,3,0,2
BRDA:27,3,1,2
BRDA:28,4,0,2
BRDA:28,4,1,2
BRF:10
BRH:7
end_of_record
TN:
SF:src\components\BookingQRCode\index.tsx
FN:10,BookingQRCode
FN:13,(anonymous_1)
FN:20,(anonymous_2)
FN:34,(anonymous_3)
FN:51,(anonymous_4)
FNF:5
FNH:1
FNDA:2,BookingQRCode
FNDA:0,(anonymous_1)
FNDA:0,(anonymous_2)
FNDA:0,(anonymous_3)
FNDA:0,(anonymous_4)
DA:1,1
DA:11,2
DA:13,2
DA:14,0
DA:15,0
DA:16,0
DA:17,0
DA:18,0
DA:19,0
DA:20,0
DA:21,0
DA:22,0
DA:23,0
DA:24,0
DA:25,0
DA:26,0
DA:27,0
DA:28,0
DA:29,0
DA:30,0
DA:31,0
DA:32,0
DA:34,0
DA:35,0
DA:38,2
DA:40,2
DA:51,0
LF:27
LH:5
BRDA:13,0,0,0
BRDA:14,1,0,0
BRDA:14,1,1,0
BRDA:25,2,0,0
BRDA:25,2,1,0
BRF:5
BRH:0
end_of_record
TN:
SF:src\components\booking\BookingSummary\index.tsx
FN:7,BookingSummary
FNF:1
FNH:1
FNDA:3,BookingSummary
DA:8,3
DA:9,3
DA:10,3
DA:12,3
LF:4
LH:4
BRDA:8,0,0,2
BRDA:8,0,1,1
BRDA:9,1,0,2
BRDA:9,1,1,1
BRDA:10,2,0,2
BRDA:10,2,1,1
BRDA:18,3,0,3
BRDA:18,3,1,1
BRDA:22,4,0,3
BRDA:22,4,1,1
BRF:10
BRH:10
end_of_record
TN:
SF:src\components\booking\TicketPreview\index.tsx
FN:7,TicketPreview
FN:48,(anonymous_1)
FNF:2
FNH:2
FNDA:3,TicketPreview
FNDA:6,(anonymous_1)
DA:8,3
DA:49,6
LF:2
LH:2
BRF:0
BRH:0
end_of_record
TN:
SF:src\components\flights\FlightCard\index.tsx
FN:11,FlightCard
FNF:1
FNH:1
FNDA:13,FlightCard
DA:12,13
DA:13,13
DA:14,13
DA:16,13
LF:4
LH:4
BRDA:13,0,0,13
BRDA:13,0,1,0
BRDA:14,1,0,13
BRDA:14,1,1,0
BRF:4
BRH:2
end_of_record
TN:
SF:src\components\flights\FlightList\index.tsx
FN:4,FlightList
FN:7,(anonymous_1)
FNF:2
FNH:2
FNDA:2,FlightList
FNDA:10,(anonymous_1)
DA:5,2
DA:8,10
LF:2
LH:2
BRF:0
BRH:0
end_of_record
TN:
SF:src\components\home\Hero\index.tsx
FN:3,Hero
FNF:1
FNH:1
FNDA:3,Hero
DA:4,3
LF:1
LH:1
BRF:0
BRH:0
end_of_record
TN:
SF:src\components\home\Offers\index.tsx
FN:1,Offers
FNF:1
FNH:1
FNDA:2,Offers
DA:2,2
LF:1
LH:1
BRF:0
BRH:0
end_of_record
TN:
SF:src\components\home\PopularDestinations\index.tsx
FN:3,PopularDestinations
FN:14,(anonymous_1)
FNF:2
FNH:2
FNDA:2,PopularDestinations
FNDA:12,(anonymous_1)
DA:1,1
DA:4,2
DA:15,12
LF:3
LH:3
BRF:0
BRH:0
end_of_record
TN:
SF:src\components\home\SearchBox\index.tsx
FN:3,SearchBox
FNF:1
FNH:1
FNDA:3,SearchBox
DA:4,3
LF:1
LH:1
BRF:0
BRH:0
end_of_record
TN:
SF:src\components\home\Testimonials\index.tsx
FN:14,Testimonials
FN:25,(anonymous_1)
FNF:2
FNH:2
FNDA:2,Testimonials
FNDA:4,(anonymous_1)
DA:1,1
DA:15,2
DA:26,4
LF:3
LH:3
BRF:0
BRH:0
end_of_record
TN:
SF:src\components\layout\Avatar\index.tsx
FN:13,Avatar
FN:23,(anonymous_1)
FN:38,(anonymous_2)
FNF:3
FNH:2
FNDA:3,Avatar
FNDA:4,(anonymous_1)
FNDA:0,(anonymous_2)
DA:1,1
DA:14,3
DA:16,3
DA:22,3
DA:23,4
DA:26,3
DA:38,0
LF:7
LH:6
BRDA:13,0,0,3
BRDA:22,1,0,2
BRDA:22,1,1,1
BRDA:24,2,0,1
BRDA:24,2,1,0
BRDA:30,3,0,3
BRDA:30,3,1,1
BRDA:30,3,2,0
BRDA:31,4,0,3
BRDA:31,4,1,1
BRDA:31,4,2,0
BRDA:33,5,0,1
BRDA:33,5,1,2
BRDA:33,6,0,3
BRDA:33,6,1,1
BRDA:36,7,0,1
BRDA:36,7,1,0
BRF:17
BRH:13
end_of_record
TN:
SF:src\components\layout\Footer\index.tsx
FN:5,Footer
FNF:1
FNH:1
FNDA:3,Footer
DA:1,1
DA:6,3
DA:7,3
DA:9,2
LF:4
LH:4
BRDA:7,0,0,1
BRDA:7,0,1,2
BRF:2
BRH:2
end_of_record
TN:
SF:src\components\layout\MobileMenu\index.tsx
FN:1,MobileMenu
FNF:1
FNH:1
FNDA:2,MobileMenu
DA:2,2
LF:1
LH:1
BRF:0
BRH:0
end_of_record
TN:
SF:src\components\layout\Navbar\index.tsx
FN:8,Navbar
FN:14,(anonymous_1)
FN:43,(anonymous_2)
FN:45,(anonymous_3)
FN:48,(anonymous_4)
FN:51,(anonymous_5)
FN:57,(anonymous_6)
FNF:7
FNH:4
FNDA:4,Navbar
FNDA:3,(anonymous_1)
FNDA:3,(anonymous_2)
FNDA:0,(anonymous_3)
FNDA:0,(anonymous_4)
FNDA:3,(anonymous_5)
FNDA:0,(anonymous_6)
DA:1,1
DA:9,4
DA:10,4
DA:11,4
DA:12,4
DA:14,4
DA:16,3
DA:17,3
DA:18,3
DA:19,1
DA:20,1
DA:23,2
DA:24,2
DA:25,2
DA:26,2
DA:28,0
DA:29,0
DA:30,3
DA:31,0
DA:32,0
DA:33,0
DA:35,0
DA:36,0
DA:37,3
DA:39,0
DA:43,4
DA:44,3
DA:45,3
DA:46,0
DA:48,3
DA:49,3
DA:50,3
DA:51,3
DA:52,3
DA:53,3
DA:57,4
DA:58,0
DA:59,0
DA:60,0
DA:61,0
DA:64,4
DA:66,3
LF:42
LH:29
BRDA:18,0,0,1
BRDA:18,0,1,2
BRDA:24,1,0,2
BRDA:24,1,1,0
BRDA:29,2,0,0
BRDA:29,2,1,0
BRDA:31,3,0,0
BRDA:31,3,1,0
BRDA:36,4,0,0
BRDA:36,4,1,0
BRDA:37,5,0,0
BRDA:37,5,1,3
BRDA:46,6,0,0
BRDA:46,6,1,0
BRDA:64,7,0,1
BRDA:64,7,1,3
BRDA:75,8,0,1
BRDA:75,8,1,2
BRF:18
BRH:8
end_of_record
TN:
SF:src\components\layout\Sidebar\index.tsx
FN:1,Sidebar
FNF:1
FNH:1
FNDA:2,Sidebar
DA:2,2
LF:1
LH:1
BRF:0
BRH:0
end_of_record
TN:
SF:src\components\ui\Badge\index.tsx
FN:5,Badge
FNF:1
FNH:1
FNDA:2,Badge
DA:6,2
LF:1
LH:1
BRF:0
BRH:0
end_of_record
TN:
SF:src\components\ui\Button\index.tsx
FN:5,Button
FNF:1
FNH:1
FNDA:3,Button
DA:6,3
DA:7,3
DA:11,3
LF:3
LH:3
BRDA:5,0,0,3
BRDA:5,1,0,3
BRDA:7,2,0,1
BRDA:7,2,1,2
BRF:4
BRH:4
end_of_record
TN:
SF:src\components\ui\Card\index.tsx
FN:19,Card
FNF:1
FNH:1
FNDA:22,Card
DA:11,4
DA:20,22
DA:21,22
DA:23,22
LF:4
LH:4
BRDA:19,0,0,22
BRDA:19,1,0,22
BRDA:20,2,0,22
BRDA:20,2,1,0
BRDA:24,3,0,3
BRDA:24,3,1,19
BRDA:26,4,0,3
BRDA:26,4,1,19
BRDA:27,5,0,3
BRDA:27,5,1,19
BRDA:31,6,0,3
BRDA:31,6,1,19
BRDA:32,7,0,21
BRDA:32,7,1,1
BRDA:33,8,0,2
BRDA:33,8,1,19
BRF:16
BRH:15
end_of_record
TN:
SF:src\components\ui\Input\index.tsx
FN:3,Input
FNF:1
FNH:1
FNDA:2,Input
DA:4,2
LF:1
LH:1
BRF:0
BRH:0
end_of_record
TN:
SF:src\components\ui\Loader\index.tsx
FN:1,Loader
FNF:1
FNH:1
FNDA:2,Loader
DA:2,2
LF:1
LH:1
BRF:0
BRH:0
end_of_record
TN:
SF:src\components\ui\Modal\index.tsx
FN:8,Modal
FNF:1
FNH:1
FNDA:3,Modal
DA:9,3
DA:11,2
LF:2
LH:2
BRDA:9,0,0,1
BRDA:9,0,1,2
BRF:2
BRH:2
end_of_record
TN:
SF:src\components\ui\Pagination\index.tsx
FN:7,Pagination
FN:11,(anonymous_1)
FN:19,(anonymous_2)
FNF:3
FNH:2
FNDA:3,Pagination
FNDA:0,(anonymous_1)
FNDA:1,(anonymous_2)
DA:8,3
DA:11,0
DA:19,1
LF:3
LH:2
BRF:0
BRH:0
end_of_record
TN:
SF:src\components\ui\Select\index.tsx
FN:3,Select
FNF:1
FNH:1
FNDA:2,Select
DA:4,2
LF:1
LH:1
BRF:0
BRH:0
end_of_record
TN:
SF:src\lib\flights.js
FN:143,getFlightById
FN:144,(anonymous_1)
FNF:2
FNH:0
FNDA:0,getFlightById
FNDA:0,(anonymous_1)
DA:2,1
DA:3,1
DA:4,1
DA:5,1
DA:144,0
DA:146,1
LF:6
LH:5
BRF:0
BRH:0
end_of_record
TN:
SF:src\lib\search.tsx
FN:5,createFuse
FN:13,highlightMatch
FNF:2
FNH:2
FNDA:1,createFuse
FNDA:2,highlightMatch
DA:6,1
DA:14,2
DA:15,1
DA:16,1
DA:17,1
DA:18,1
DA:19,1
DA:20,1
DA:21,1
DA:23,1
LF:10
LH:10
BRDA:14,0,0,1
BRDA:14,0,1,1
BRDA:16,1,0,0
BRDA:16,1,1,1
BRDA:18,2,0,0
BRDA:18,2,1,1
BRF:6
BRH:4
end_of_record
TN:
SF:src\lib\useDebounce.ts
FN:3,useDebounce
FN:6,(anonymous_1)
FN:7,(anonymous_2)
FN:8,(anonymous_3)
FNF:4
FNH:4
FNDA:3,useDebounce
FNDA:2,(anonymous_1)
FNDA:1,(anonymous_2)
FNDA:2,(anonymous_3)
DA:4,3
DA:6,3
DA:7,2
DA:8,2
DA:11,3
LF:5
LH:5
BRDA:3,0,0,3
BRF:1
BRH:1
end_of_record
TN:
SF:src\styles\palette.ts
FNF:0
FNH:0
DA:1,2
DA:11,2
LF:2
LH:2
BRF:0
BRH:0
end_of_record
